INFO: [VRFC 10-2263] Analyzing Verilog file "C:/Users/abrah/amba_aes_filter_clk/amba_aes_filter_3.srcs/sources_1/new/AES_Encrypt.v" into library xil_defaultlib
INFO: [VRFC 10-311] analyzing module AES_Decrypt
INFO: [VRFC 10-311] analyzing module AES_Encrypt
INFO: [VRFC 10-311] analyzing module addRoundKey
INFO: [VRFC 10-311] analyzing module decryptRound
INFO: [VRFC 10-311] analyzing module encryptRound
INFO: [VRFC 10-311] analyzing module inverseMixColumns
INFO: [VRFC 10-311] analyzing module inverseSbox
INFO: [VRFC 10-311] analyzing module inverseShiftRows
INFO: [VRFC 10-311] analyzing module inverseSubBytes
INFO: [VRFC 10-311] analyzing module keyExpansion
INFO: [VRFC 10-311] analyzing module mixColumns
INFO: [VRFC 10-311] analyzing module sbox
INFO: [VRFC 10-311] analyzing module shiftRows
INFO: [VRFC 10-311] analyzing module subBytes
INFO: [VRFC 10-2263] Analyzing Verilog file "C:/Users/abrah/amba_aes_filter_clk/amba_aes_filter_3.srcs/sources_1/new/ahb_filter_slave.v" into library xil_defaultlib
INFO: [VRFC 10-311] analyzing module ahb_filter_slave
INFO: [VRFC 10-2263] Analyzing Verilog file "C:/Users/abrah/amba_aes_filter_clk/amba_aes_filter_3.srcs/sources_1/new/ahb_top.v" into library xil_defaultlib
INFO: [VRFC 10-311] analyzing module ahb_clock_gate
INFO: [VRFC 10-311] analyzing module ahb_top
INFO: [VRFC 10-311] analyzing module ahb_mastern
WARNING: [VRFC 10-8497] literal value 'd16 truncated to fit in 4 bits [C:/Users/abrah/amba_aes_filter_clk/amba_aes_filter_3.srcs/sources_1/new/ahb_top.v:245]
INFO: [VRFC 10-311] analyzing module ahb_slave
INFO: [VRFC 10-311] analyzing module ahb_decoder
INFO: [VRFC 10-311] analyzing module ahb_mux
INFO: [VRFC 10-311] analyzing module ahb_crypto_slave
INFO: [VRFC 10-2263] Analyzing Verilog file "C:/Users/abrah/amba_aes_filter_clk/amba_aes_filter_3.srcs/sources_1/new/dc_offset_filter.v" into library xil_defaultlib
INFO: [VRFC 10-311] analyzing module dc_offset_filter
INFO: [VRFC 10-2263] Analyzing Verilog file "C:/Users/abrah/amba_aes_filter_clk/amba_aes_filter_3.srcs/sources_1/new/glitch_filter.v" into library xil_defaultlib
INFO: [VRFC 10-311] analyzing module glitch_filter
INFO: [VRFC 10-2263] Analyzing Verilog file "C:/Users/abrah/amba_aes_filter_clk/amba_aes_filter_3.srcs/sources_1/new/lpf_fir.v" into library xil_defaultlib
INFO: [VRFC 10-311] analyzing module lpf_fir
INFO: [VRFC 10-2263] Analyzing Verilog file "C:/Users/abrah/amba_aes_filter_clk/amba_aes_filter_3.srcs/sim_1/new/ahb_top_tb.v" into library xil_defaultlib
INFO: [VRFC 10-311] analyzing module ahb_top_tb
WARNING: [VRFC 10-3522] missing or empty argument against format specification for 'display' [C:/Users/abrah/amba_aes_filter_clk/amba_aes_filter_3.srcs/sim_1/new/ahb_top_tb.v:1014]
WARNING: [VRFC 10-3522] missing or empty argument against format specification for 'display' [C:/Users/abrah/amba_aes_filter_clk/amba_aes_filter_3.srcs/sim_1/new/ahb_top_tb.v:1024]
WARNING: [VRFC 10-3522] missing or empty argument against format specification for 'display' [C:/Users/abrah/amba_aes_filter_clk/amba_aes_filter_3.srcs/sim_1/new/ahb_top_tb.v:1027]
